[debug] [2022-08-12T19:42:00.582Z] ----------------------------------------------------------------------
[debug] [2022-08-12T19:42:00.584Z] Command:       /home/zidxne/.nvm/versions/node/v18.3.0/bin/node /usr/local/bin/firebase init
[debug] [2022-08-12T19:42:00.584Z] CLI Version:   11.4.0
[debug] [2022-08-12T19:42:00.584Z] Platform:      linux
[debug] [2022-08-12T19:42:00.584Z] Node Version:  v18.3.0
[debug] [2022-08-12T19:42:00.585Z] Time:          Fri Aug 12 2022 14:42:00 GMT-0500 (Eastern Standard Time)
[debug] [2022-08-12T19:42:00.585Z] ----------------------------------------------------------------------
[debug] 
[debug] [2022-08-12T19:42:00.588Z] > command requires scopes: ["email","openid","https://www.googleapis.com/auth/cloudplatformprojects.readonly","https://www.googleapis.com/auth/firebase","https://www.googleapis.com/auth/cloud-platform"]
[debug] [2022-08-12T19:42:00.589Z] > authorizing via signed-in user (zidaneinnis@gmail.com)
[info] 
     ######## #### ########  ######## ########     ###     ######  ########
     ##        ##  ##     ## ##       ##     ##  ##   ##  ##       ##
     ######    ##  ########  ######   ########  #########  ######  ######
     ##        ##  ##    ##  ##       ##     ## ##     ##       ## ##
     ##       #### ##     ## ######## ########  ##     ##  ######  ########

You're about to initialize a Firebase project in this directory:

  /home/zidxne/ReactBuilds/gmail-clone/Gmail-Clone-ReactJS

[info] 
=== Project Setup
[info] 
[info] First, let's associate this project directory with a Firebase project.
[info] You can create multiple project aliases by running firebase use --add, 
[info] but for now we'll just set up a default project.
[info] 
[debug] [2022-08-12T19:42:12.603Z] > refreshing access token with scopes: []
[debug] [2022-08-12T19:42:12.604Z] >>> [apiv2][query] POST https://www.googleapis.com/oauth2/v3/token [none]
[debug] [2022-08-12T19:42:12.604Z] >>> [apiv2][body] POST https://www.googleapis.com/oauth2/v3/token [omitted]
[debug] [2022-08-12T19:42:12.946Z] <<< [apiv2][status] POST https://www.googleapis.com/oauth2/v3/token 200
[debug] [2022-08-12T19:42:12.946Z] <<< [apiv2][body] POST https://www.googleapis.com/oauth2/v3/token [omitted]
[debug] [2022-08-12T19:42:12.948Z] >>> [apiv2][query] GET https://firebase.googleapis.com/v1beta1/projects pageSize=100
[debug] [2022-08-12T19:42:13.449Z] <<< [apiv2][status] GET https://firebase.googleapis.com/v1beta1/projects 200
[debug] [2022-08-12T19:42:13.450Z] <<< [apiv2][body] GET https://firebase.googleapis.com/v1beta1/projects [omitted]
[info] i  Using project clone-fa228 (gmail-clone) 
[info] 
=== Hosting Setup
[info] 
[info] Your public directory is the folder (relative to your project directory) that
[info] will contain Hosting assets to be uploaded with firebase deploy. If you
[info] have a build process for your assets, use your build's output directory.
[info] 
